/*C2*/SET SCHEMA PUBLIC
DISCONNECT
/*C3*/SET SCHEMA PUBLIC
 create table publishers ( publisherID INT GENERATED BY DEFAULT AS IDENTITY, publisherName VARCHAR (30) NOT NULL, PRIMARY KEY (publisherID) )
  create table authors ( authorID INT GENERATED BY DEFAULT AS IDENTITY, firstName VARCHAR (20) NOT NULL, lastName VARCHAR (30) NOT NULL, PRIMARY KEY (authorID) )
  create table titles ( isbn VARCHAR (20) NOT NULL, title VARCHAR (100) NOT NULL, editionNumber INT NOT NULL, copyright VARCHAR (4) NOT NULL, publisherID INT NOT NULL, imageFile VARCHAR (20) NOT NULL, price real NOT NULL, PRIMARY KEY (isbn) )
  create table authorISBN ( authorID INT NOT NULL, isbn VARCHAR (20) NOT NULL )
DISCONNECT
/*C4*/SET SCHEMA PUBLIC
INSERT INTO PUBLISHERS VALUES(0,'Prentice Hall')
INSERT INTO PUBLISHERS VALUES(1,'Prentice Hall PTG')
INSERT INTO AUTHORS VALUES(0,'Harvey','Deitel')
INSERT INTO AUTHORS VALUES(1,'Paul','Deitel')
INSERT INTO AUTHORS VALUES(2,'Tem','Nieto')
INSERT INTO AUTHORS VALUES(3,'Sean','Santry')
INSERT INTO TITLES VALUES('0130895725','C How to Program',3,'2001',1,'chtp3.jpg',69.95E0)
INSERT INTO TITLES VALUES('0132261197','C How to Program',2,'1994',1,'chtp2.jpg',49.95E0)
INSERT INTO TITLES VALUES('0130895717','C++ How to Program',3,'2001',1,'cpphtp3.jpg',69.95E0)
INSERT INTO TITLES VALUES('0135289106','C++ How to Program',2,'1998',1,'cpphtp2.jpg',49.95E0)
INSERT INTO TITLES VALUES('0139163050','The Complete C++ Training Course',3,'2001',2,'cppctc3.jpg',109.95E0)
INSERT INTO TITLES VALUES('013028419x','e-Business and e-Commerce How to Program',1,'2001',1,'ebechtp1.jpg',69.95E0)
INSERT INTO TITLES VALUES('0130161438','Internet and World Wide Web How to Program',1,'2000',1,'iw3htp1.jpg',69.95E0)
INSERT INTO TITLES VALUES('0130856118','The Complete Internet and World Wide Web Programming Training Course',1,'2000',2,'iw3ctc1.jpg',109.95E0)
INSERT INTO TITLES VALUES('0130125075','Java How to Program (Java 2)',3,'2000',1,'jhtp3.jpg',69.95E0)
INSERT INTO TITLES VALUES('0138993947','Java How to Program (Java 1.1)',2,'1998',1,'jhtp2.jpg',49.95E0)
INSERT INTO TITLES VALUES('0130852473','The Complete Java 2 Training Course',3,'2000',2,'javactc3.jpg',109.95E0)
INSERT INTO TITLES VALUES('0130829277','The Complete Java Training Course (Java 1.1)',2,'1998',2,'javactc2.jpg',99.95E0)
INSERT INTO TITLES VALUES('0134569555','Visual Basic 6 How to Program',1,'1999',1,'vbhtp1.jpg',69.95E0)
INSERT INTO TITLES VALUES('0130829293','The Complete Visual Basic 6 Training Course',1,'1999',2,'vbctc1.jpg',109.95E0)
INSERT INTO TITLES VALUES('0130284173','XML How to Program',1,'2001',1,'xmlhtp1.jpg',69.95E0)
INSERT INTO TITLES VALUES('0130284181','Perl How to Program',1,'2001',1,'perlhtp1.jpg',69.95E0)
INSERT INTO TITLES VALUES('0130895601','Advanced Java 2 Platform How to Program',1,'2002',1,'advjhtp1.jpg',69.95E0)
INSERT INTO AUTHORISBN VALUES(1,'0130895725')
INSERT INTO AUTHORISBN VALUES(1,'0132261197')
INSERT INTO AUTHORISBN VALUES(1,'0130895717')
INSERT INTO AUTHORISBN VALUES(1,'0135289106')
INSERT INTO AUTHORISBN VALUES(1,'0139163050')
INSERT INTO AUTHORISBN VALUES(1,'013028419x')
INSERT INTO AUTHORISBN VALUES(1,'0130161438')
INSERT INTO AUTHORISBN VALUES(1,'0130856118')
INSERT INTO AUTHORISBN VALUES(1,'0130125075')
INSERT INTO AUTHORISBN VALUES(1,'0138993947')
INSERT INTO AUTHORISBN VALUES(1,'0130852473')
INSERT INTO AUTHORISBN VALUES(1,'0130829277')
INSERT INTO AUTHORISBN VALUES(1,'0134569555')
INSERT INTO AUTHORISBN VALUES(1,'0130829293')
INSERT INTO AUTHORISBN VALUES(1,'0130284173')
INSERT INTO AUTHORISBN VALUES(1,'0130284181')
INSERT INTO AUTHORISBN VALUES(1,'0130895601')
INSERT INTO AUTHORISBN VALUES(2,'0130895725')
INSERT INTO AUTHORISBN VALUES(2,'0132261197')
INSERT INTO AUTHORISBN VALUES(2,'0130895717')
INSERT INTO AUTHORISBN VALUES(2,'0135289106')
INSERT INTO AUTHORISBN VALUES(2,'0139163050')
INSERT INTO AUTHORISBN VALUES(2,'013028419x')
INSERT INTO AUTHORISBN VALUES(2,'0130161438')
INSERT INTO AUTHORISBN VALUES(2,'0130856118')
INSERT INTO AUTHORISBN VALUES(2,'0130125075')
INSERT INTO AUTHORISBN VALUES(2,'0138993947')
INSERT INTO AUTHORISBN VALUES(2,'0130852473')
INSERT INTO AUTHORISBN VALUES(2,'0130829277')
INSERT INTO AUTHORISBN VALUES(2,'0134569555')
INSERT INTO AUTHORISBN VALUES(2,'0130829293')
INSERT INTO AUTHORISBN VALUES(2,'0130284173')
INSERT INTO AUTHORISBN VALUES(2,'0130284181')
INSERT INTO AUTHORISBN VALUES(2,'0130895601')
INSERT INTO AUTHORISBN VALUES(3,'013028419x')
INSERT INTO AUTHORISBN VALUES(3,'0130161438')
INSERT INTO AUTHORISBN VALUES(3,'0130856118')
INSERT INTO AUTHORISBN VALUES(3,'0134569555')
INSERT INTO AUTHORISBN VALUES(3,'0130829293')
INSERT INTO AUTHORISBN VALUES(3,'0130284173')
INSERT INTO AUTHORISBN VALUES(3,'0130284181')
INSERT INTO AUTHORISBN VALUES(4,'0130895601')
COMMIT
DISCONNECT
